[14-Jul-2021 15:50:23 America/New_York] PHP Fatal error:  Uncaught Symfony\Component\Debug\Exception\FatalThrowableError: Call to a member function getId() on null in /home/wi36wd72/edirectory/web/includes/code/widgetActionAjax.php:51
Stack trace:
#0 {main}
  thrown in /home/wi36wd72/edirectory/web/includes/code/widgetActionAjax.php on line 51
[14-Jul-2021 15:50:33 America/New_York] PHP Fatal error:  Uncaught Symfony\Component\Debug\Exception\FatalThrowableError: Call to a member function getId() on null in /home/wi36wd72/edirectory/web/includes/code/widgetActionAjax.php:51
Stack trace:
#0 {main}
  thrown in /home/wi36wd72/edirectory/web/includes/code/widgetActionAjax.php on line 51
[15-Jul-2021 14:56:45 America/New_York] PHP Fatal error:  Uncaught Symfony\Component\Debug\Exception\FatalThrowableError: Call to a member function getId() on null in /home/wi36wd72/edirectory/web/includes/code/widgetActionAjax.php:51
Stack trace:
#0 {main}
  thrown in /home/wi36wd72/edirectory/web/includes/code/widgetActionAjax.php on line 51
[19-Aug-2021 12:40:11 America/New_York] PHP Warning:  mysqli_num_rows() expects parameter 1 to be mysqli_result, boolean given in /home/wi36wd72/edirectory/web/src/functions/db_funct.php on line 60
[19-Aug-2021 12:40:11 America/New_York] PHP Warning:  mysqli_num_rows() expects parameter 1 to be mysqli_result, boolean given in /home/wi36wd72/edirectory/web/src/functions/db_funct.php on line 60
[19-Aug-2021 12:40:11 America/New_York] PHP Warning:  mysqli_num_rows() expects parameter 1 to be mysqli_result, boolean given in /home/wi36wd72/edirectory/web/src/functions/db_funct.php on line 60
[19-Aug-2021 12:40:11 America/New_York] PHP Warning:  mysqli_num_rows() expects parameter 1 to be mysqli_result, boolean given in /home/wi36wd72/edirectory/web/src/functions/db_funct.php on line 60
[19-Aug-2021 12:40:11 America/New_York] PHP Warning:  mysqli_num_rows() expects parameter 1 to be mysqli_result, boolean given in /home/wi36wd72/edirectory/web/src/functions/db_funct.php on line 60
[19-Aug-2021 12:40:33 America/New_York] PHP Warning:  mysqli_num_rows() expects parameter 1 to be mysqli_result, boolean given in /home/wi36wd72/edirectory/web/src/functions/db_funct.php on line 60
[19-Aug-2021 12:40:33 America/New_York] PHP Warning:  mysqli_num_rows() expects parameter 1 to be mysqli_result, boolean given in /home/wi36wd72/edirectory/web/src/functions/db_funct.php on line 60
[19-Aug-2021 12:40:33 America/New_York] PHP Warning:  mysqli_num_rows() expects parameter 1 to be mysqli_result, boolean given in /home/wi36wd72/edirectory/web/src/functions/db_funct.php on line 60
[19-Aug-2021 12:40:33 America/New_York] PHP Warning:  mysqli_num_rows() expects parameter 1 to be mysqli_result, boolean given in /home/wi36wd72/edirectory/web/src/functions/db_funct.php on line 60
[19-Aug-2021 12:40:33 America/New_York] PHP Warning:  mysqli_num_rows() expects parameter 1 to be mysqli_result, boolean given in /home/wi36wd72/edirectory/web/src/functions/db_funct.php on line 60
[19-Aug-2021 12:40:33 America/New_York] PHP Warning:  mysqli_num_rows() expects parameter 1 to be mysqli_result, boolean given in /home/wi36wd72/edirectory/web/src/functions/db_funct.php on line 60
[19-Aug-2021 12:40:33 America/New_York] PHP Warning:  mysqli_num_rows() expects parameter 1 to be mysqli_result, boolean given in /home/wi36wd72/edirectory/web/src/functions/db_funct.php on line 60
[19-Aug-2021 12:40:33 America/New_York] PHP Warning:  mysqli_num_rows() expects parameter 1 to be mysqli_result, boolean given in /home/wi36wd72/edirectory/web/src/functions/db_funct.php on line 60
[19-Aug-2021 12:40:33 America/New_York] PHP Warning:  mysqli_num_rows() expects parameter 1 to be mysqli_result, boolean given in /home/wi36wd72/edirectory/web/src/functions/db_funct.php on line 60
[19-Aug-2021 12:40:33 America/New_York] PHP Warning:  mysqli_num_rows() expects parameter 1 to be mysqli_result, boolean given in /home/wi36wd72/edirectory/web/src/functions/db_funct.php on line 60
[19-Aug-2021 12:40:33 America/New_York] PHP Warning:  mysqli_num_rows() expects parameter 1 to be mysqli_result, boolean given in /home/wi36wd72/edirectory/web/src/functions/db_funct.php on line 60
[19-Aug-2021 12:40:33 America/New_York] PHP Warning:  mysqli_num_rows() expects parameter 1 to be mysqli_result, boolean given in /home/wi36wd72/edirectory/web/src/functions/db_funct.php on line 60
[19-Aug-2021 12:40:33 America/New_York] PHP Warning:  mysqli_num_rows() expects parameter 1 to be mysqli_result, boolean given in /home/wi36wd72/edirectory/web/src/functions/db_funct.php on line 60
[19-Aug-2021 12:40:33 America/New_York] PHP Warning:  mysqli_num_rows() expects parameter 1 to be mysqli_result, boolean given in /home/wi36wd72/edirectory/web/src/functions/db_funct.php on line 60
[19-Aug-2021 12:40:33 America/New_York] PHP Warning:  mysqli_num_rows() expects parameter 1 to be mysqli_result, boolean given in /home/wi36wd72/edirectory/web/src/functions/db_funct.php on line 60
[19-Aug-2021 12:40:33 America/New_York] PHP Warning:  mysqli_num_rows() expects parameter 1 to be mysqli_result, boolean given in /home/wi36wd72/edirectory/web/src/functions/db_funct.php on line 60
[19-Aug-2021 12:40:51 America/New_York] PHP Warning:  mysqli_num_rows() expects parameter 1 to be mysqli_result, boolean given in /home/wi36wd72/edirectory/web/src/functions/db_funct.php on line 60
[19-Aug-2021 12:40:51 America/New_York] PHP Warning:  mysqli_num_rows() expects parameter 1 to be mysqli_result, boolean given in /home/wi36wd72/edirectory/web/src/functions/db_funct.php on line 60
[19-Aug-2021 12:40:51 America/New_York] PHP Warning:  mysqli_num_rows() expects parameter 1 to be mysqli_result, boolean given in /home/wi36wd72/edirectory/web/src/functions/db_funct.php on line 60
[19-Aug-2021 12:40:51 America/New_York] PHP Warning:  mysqli_num_rows() expects parameter 1 to be mysqli_result, boolean given in /home/wi36wd72/edirectory/web/src/functions/db_funct.php on line 60
[19-Aug-2021 12:40:51 America/New_York] PHP Warning:  mysqli_num_rows() expects parameter 1 to be mysqli_result, boolean given in /home/wi36wd72/edirectory/web/src/functions/db_funct.php on line 60
[19-Aug-2021 12:41:22 America/New_York] PHP Warning:  mysqli_num_rows() expects parameter 1 to be mysqli_result, boolean given in /home/wi36wd72/edirectory/web/src/functions/db_funct.php on line 60
[19-Aug-2021 12:41:22 America/New_York] PHP Warning:  mysqli_num_rows() expects parameter 1 to be mysqli_result, boolean given in /home/wi36wd72/edirectory/web/src/functions/db_funct.php on line 60
[19-Aug-2021 12:41:22 America/New_York] PHP Warning:  mysqli_num_rows() expects parameter 1 to be mysqli_result, boolean given in /home/wi36wd72/edirectory/web/src/functions/db_funct.php on line 60
[19-Aug-2021 12:41:22 America/New_York] PHP Warning:  mysqli_num_rows() expects parameter 1 to be mysqli_result, boolean given in /home/wi36wd72/edirectory/web/src/functions/db_funct.php on line 60
[19-Aug-2021 12:41:22 America/New_York] PHP Warning:  mysqli_num_rows() expects parameter 1 to be mysqli_result, boolean given in /home/wi36wd72/edirectory/web/src/functions/db_funct.php on line 60
[19-Aug-2021 12:41:22 America/New_York] PHP Warning:  mysqli_num_rows() expects parameter 1 to be mysqli_result, boolean given in /home/wi36wd72/edirectory/web/src/functions/db_funct.php on line 60
[19-Aug-2021 12:41:22 America/New_York] PHP Warning:  mysqli_num_rows() expects parameter 1 to be mysqli_result, boolean given in /home/wi36wd72/edirectory/web/src/functions/db_funct.php on line 60
[19-Aug-2021 12:41:22 America/New_York] PHP Warning:  mysqli_num_rows() expects parameter 1 to be mysqli_result, boolean given in /home/wi36wd72/edirectory/web/src/functions/db_funct.php on line 60
[19-Aug-2021 12:41:22 America/New_York] PHP Warning:  mysqli_num_rows() expects parameter 1 to be mysqli_result, boolean given in /home/wi36wd72/edirectory/web/src/functions/db_funct.php on line 60
[19-Aug-2021 12:41:22 America/New_York] PHP Warning:  mysqli_num_rows() expects parameter 1 to be mysqli_result, boolean given in /home/wi36wd72/edirectory/web/src/functions/db_funct.php on line 60
[19-Aug-2021 12:41:22 America/New_York] PHP Warning:  mysqli_num_rows() expects parameter 1 to be mysqli_result, boolean given in /home/wi36wd72/edirectory/web/src/functions/db_funct.php on line 60
[19-Aug-2021 12:41:22 America/New_York] PHP Warning:  mysqli_num_rows() expects parameter 1 to be mysqli_result, boolean given in /home/wi36wd72/edirectory/web/src/functions/db_funct.php on line 60
[19-Aug-2021 12:41:22 America/New_York] PHP Warning:  mysqli_num_rows() expects parameter 1 to be mysqli_result, boolean given in /home/wi36wd72/edirectory/web/src/functions/db_funct.php on line 60
[19-Aug-2021 12:41:22 America/New_York] PHP Warning:  mysqli_num_rows() expects parameter 1 to be mysqli_result, boolean given in /home/wi36wd72/edirectory/web/src/functions/db_funct.php on line 60
[19-Aug-2021 12:41:22 America/New_York] PHP Warning:  mysqli_num_rows() expects parameter 1 to be mysqli_result, boolean given in /home/wi36wd72/edirectory/web/src/functions/db_funct.php on line 60
[19-Aug-2021 12:41:22 America/New_York] PHP Warning:  mysqli_num_rows() expects parameter 1 to be mysqli_result, boolean given in /home/wi36wd72/edirectory/web/src/functions/db_funct.php on line 60
[19-Aug-2021 12:41:52 America/New_York] PHP Warning:  mysqli_num_rows() expects parameter 1 to be mysqli_result, boolean given in /home/wi36wd72/edirectory/web/src/functions/db_funct.php on line 60
[19-Aug-2021 12:41:52 America/New_York] PHP Warning:  mysqli_num_rows() expects parameter 1 to be mysqli_result, boolean given in /home/wi36wd72/edirectory/web/src/functions/db_funct.php on line 60
[19-Aug-2021 12:41:52 America/New_York] PHP Warning:  mysqli_num_rows() expects parameter 1 to be mysqli_result, boolean given in /home/wi36wd72/edirectory/web/src/functions/db_funct.php on line 60
[19-Aug-2021 12:41:52 America/New_York] PHP Warning:  mysqli_num_rows() expects parameter 1 to be mysqli_result, boolean given in /home/wi36wd72/edirectory/web/src/functions/db_funct.php on line 60
[19-Aug-2021 12:41:52 America/New_York] PHP Warning:  mysqli_num_rows() expects parameter 1 to be mysqli_result, boolean given in /home/wi36wd72/edirectory/web/src/functions/db_funct.php on line 60
[19-Aug-2021 12:42:04 America/New_York] PHP Warning:  mysqli_num_rows() expects parameter 1 to be mysqli_result, boolean given in /home/wi36wd72/edirectory/web/src/functions/db_funct.php on line 60
[19-Aug-2021 12:42:04 America/New_York] PHP Warning:  mysqli_num_rows() expects parameter 1 to be mysqli_result, boolean given in /home/wi36wd72/edirectory/web/src/functions/db_funct.php on line 60
[19-Aug-2021 12:42:04 America/New_York] PHP Warning:  mysqli_num_rows() expects parameter 1 to be mysqli_result, boolean given in /home/wi36wd72/edirectory/web/src/functions/db_funct.php on line 60
[19-Aug-2021 12:42:04 America/New_York] PHP Warning:  mysqli_num_rows() expects parameter 1 to be mysqli_result, boolean given in /home/wi36wd72/edirectory/web/src/functions/db_funct.php on line 60
[19-Aug-2021 12:42:04 America/New_York] PHP Warning:  mysqli_num_rows() expects parameter 1 to be mysqli_result, boolean given in /home/wi36wd72/edirectory/web/src/functions/db_funct.php on line 60
[19-Aug-2021 12:42:04 America/New_York] PHP Warning:  mysqli_num_rows() expects parameter 1 to be mysqli_result, boolean given in /home/wi36wd72/edirectory/web/src/functions/db_funct.php on line 60
[19-Aug-2021 12:42:04 America/New_York] PHP Warning:  mysqli_num_rows() expects parameter 1 to be mysqli_result, boolean given in /home/wi36wd72/edirectory/web/src/functions/db_funct.php on line 60
[19-Aug-2021 12:42:04 America/New_York] PHP Warning:  mysqli_num_rows() expects parameter 1 to be mysqli_result, boolean given in /home/wi36wd72/edirectory/web/src/functions/db_funct.php on line 60
[19-Aug-2021 12:42:04 America/New_York] PHP Warning:  mysqli_num_rows() expects parameter 1 to be mysqli_result, boolean given in /home/wi36wd72/edirectory/web/src/functions/db_funct.php on line 60
[19-Aug-2021 12:42:04 America/New_York] PHP Warning:  mysqli_num_rows() expects parameter 1 to be mysqli_result, boolean given in /home/wi36wd72/edirectory/web/src/functions/db_funct.php on line 60
[19-Aug-2021 12:42:04 America/New_York] PHP Warning:  mysqli_num_rows() expects parameter 1 to be mysqli_result, boolean given in /home/wi36wd72/edirectory/web/src/functions/db_funct.php on line 60
[19-Aug-2021 12:42:04 America/New_York] PHP Warning:  mysqli_num_rows() expects parameter 1 to be mysqli_result, boolean given in /home/wi36wd72/edirectory/web/src/functions/db_funct.php on line 60
[19-Aug-2021 12:42:04 America/New_York] PHP Warning:  mysqli_num_rows() expects parameter 1 to be mysqli_result, boolean given in /home/wi36wd72/edirectory/web/src/functions/db_funct.php on line 60
[19-Aug-2021 12:42:04 America/New_York] PHP Warning:  mysqli_num_rows() expects parameter 1 to be mysqli_result, boolean given in /home/wi36wd72/edirectory/web/src/functions/db_funct.php on line 60
[19-Aug-2021 12:42:04 America/New_York] PHP Warning:  mysqli_num_rows() expects parameter 1 to be mysqli_result, boolean given in /home/wi36wd72/edirectory/web/src/functions/db_funct.php on line 60
[19-Aug-2021 12:42:04 America/New_York] PHP Warning:  mysqli_num_rows() expects parameter 1 to be mysqli_result, boolean given in /home/wi36wd72/edirectory/web/src/functions/db_funct.php on line 60
[19-Aug-2021 12:42:14 America/New_York] PHP Warning:  mysqli_num_rows() expects parameter 1 to be mysqli_result, boolean given in /home/wi36wd72/edirectory/web/src/functions/db_funct.php on line 60
[19-Aug-2021 12:42:14 America/New_York] PHP Warning:  mysqli_num_rows() expects parameter 1 to be mysqli_result, boolean given in /home/wi36wd72/edirectory/web/src/functions/db_funct.php on line 60
[19-Aug-2021 12:42:14 America/New_York] PHP Warning:  mysqli_num_rows() expects parameter 1 to be mysqli_result, boolean given in /home/wi36wd72/edirectory/web/src/functions/db_funct.php on line 60
[19-Aug-2021 12:42:14 America/New_York] PHP Warning:  mysqli_num_rows() expects parameter 1 to be mysqli_result, boolean given in /home/wi36wd72/edirectory/web/src/functions/db_funct.php on line 60
[19-Aug-2021 12:42:14 America/New_York] PHP Warning:  mysqli_num_rows() expects parameter 1 to be mysqli_result, boolean given in /home/wi36wd72/edirectory/web/src/functions/db_funct.php on line 60
[19-Aug-2021 12:42:29 America/New_York] PHP Warning:  mysqli_num_rows() expects parameter 1 to be mysqli_result, boolean given in /home/wi36wd72/edirectory/web/src/functions/db_funct.php on line 60
[19-Aug-2021 12:42:29 America/New_York] PHP Warning:  mysqli_num_rows() expects parameter 1 to be mysqli_result, boolean given in /home/wi36wd72/edirectory/web/src/functions/db_funct.php on line 60
[19-Aug-2021 12:42:29 America/New_York] PHP Warning:  mysqli_num_rows() expects parameter 1 to be mysqli_result, boolean given in /home/wi36wd72/edirectory/web/src/functions/db_funct.php on line 60
[19-Aug-2021 12:42:29 America/New_York] PHP Warning:  mysqli_num_rows() expects parameter 1 to be mysqli_result, boolean given in /home/wi36wd72/edirectory/web/src/functions/db_funct.php on line 60
[19-Aug-2021 12:42:29 America/New_York] PHP Warning:  mysqli_num_rows() expects parameter 1 to be mysqli_result, boolean given in /home/wi36wd72/edirectory/web/src/functions/db_funct.php on line 60
[19-Aug-2021 12:42:29 America/New_York] PHP Warning:  mysqli_num_rows() expects parameter 1 to be mysqli_result, boolean given in /home/wi36wd72/edirectory/web/src/functions/db_funct.php on line 60
[19-Aug-2021 12:42:29 America/New_York] PHP Warning:  mysqli_num_rows() expects parameter 1 to be mysqli_result, boolean given in /home/wi36wd72/edirectory/web/src/functions/db_funct.php on line 60
[19-Aug-2021 12:42:29 America/New_York] PHP Warning:  mysqli_num_rows() expects parameter 1 to be mysqli_result, boolean given in /home/wi36wd72/edirectory/web/src/functions/db_funct.php on line 60
[19-Aug-2021 12:42:29 America/New_York] PHP Warning:  mysqli_num_rows() expects parameter 1 to be mysqli_result, boolean given in /home/wi36wd72/edirectory/web/src/functions/db_funct.php on line 60
[19-Aug-2021 12:42:29 America/New_York] PHP Warning:  mysqli_num_rows() expects parameter 1 to be mysqli_result, boolean given in /home/wi36wd72/edirectory/web/src/functions/db_funct.php on line 60
[19-Aug-2021 12:42:29 America/New_York] PHP Warning:  mysqli_num_rows() expects parameter 1 to be mysqli_result, boolean given in /home/wi36wd72/edirectory/web/src/functions/db_funct.php on line 60
[19-Aug-2021 12:42:29 America/New_York] PHP Warning:  mysqli_num_rows() expects parameter 1 to be mysqli_result, boolean given in /home/wi36wd72/edirectory/web/src/functions/db_funct.php on line 60
[19-Aug-2021 12:42:29 America/New_York] PHP Warning:  mysqli_num_rows() expects parameter 1 to be mysqli_result, boolean given in /home/wi36wd72/edirectory/web/src/functions/db_funct.php on line 60
[19-Aug-2021 12:42:29 America/New_York] PHP Warning:  mysqli_num_rows() expects parameter 1 to be mysqli_result, boolean given in /home/wi36wd72/edirectory/web/src/functions/db_funct.php on line 60
[19-Aug-2021 12:42:29 America/New_York] PHP Warning:  mysqli_num_rows() expects parameter 1 to be mysqli_result, boolean given in /home/wi36wd72/edirectory/web/src/functions/db_funct.php on line 60
[19-Aug-2021 12:42:29 America/New_York] PHP Warning:  mysqli_num_rows() expects parameter 1 to be mysqli_result, boolean given in /home/wi36wd72/edirectory/web/src/functions/db_funct.php on line 60
[19-Aug-2021 12:43:04 America/New_York] PHP Warning:  mysqli_num_rows() expects parameter 1 to be mysqli_result, boolean given in /home/wi36wd72/edirectory/web/src/functions/db_funct.php on line 60
[19-Aug-2021 12:43:04 America/New_York] PHP Warning:  mysqli_num_rows() expects parameter 1 to be mysqli_result, boolean given in /home/wi36wd72/edirectory/web/src/functions/db_funct.php on line 60
[19-Aug-2021 12:43:04 America/New_York] PHP Warning:  mysqli_num_rows() expects parameter 1 to be mysqli_result, boolean given in /home/wi36wd72/edirectory/web/src/functions/db_funct.php on line 60
[19-Aug-2021 12:43:04 America/New_York] PHP Warning:  mysqli_num_rows() expects parameter 1 to be mysqli_result, boolean given in /home/wi36wd72/edirectory/web/src/functions/db_funct.php on line 60
[19-Aug-2021 12:43:04 America/New_York] PHP Warning:  mysqli_num_rows() expects parameter 1 to be mysqli_result, boolean given in /home/wi36wd72/edirectory/web/src/functions/db_funct.php on line 60
[19-Aug-2021 12:43:09 America/New_York] PHP Warning:  mysqli_num_rows() expects parameter 1 to be mysqli_result, boolean given in /home/wi36wd72/edirectory/web/src/functions/db_funct.php on line 60
[19-Aug-2021 12:43:09 America/New_York] PHP Warning:  mysqli_num_rows() expects parameter 1 to be mysqli_result, boolean given in /home/wi36wd72/edirectory/web/src/functions/db_funct.php on line 60
[19-Aug-2021 12:43:09 America/New_York] PHP Warning:  mysqli_num_rows() expects parameter 1 to be mysqli_result, boolean given in /home/wi36wd72/edirectory/web/src/functions/db_funct.php on line 60
[19-Aug-2021 12:43:09 America/New_York] PHP Warning:  mysqli_num_rows() expects parameter 1 to be mysqli_result, boolean given in /home/wi36wd72/edirectory/web/src/functions/db_funct.php on line 60
[19-Aug-2021 12:43:09 America/New_York] PHP Warning:  mysqli_num_rows() expects parameter 1 to be mysqli_result, boolean given in /home/wi36wd72/edirectory/web/src/functions/db_funct.php on line 60
[19-Aug-2021 12:43:19 America/New_York] PHP Warning:  mysqli_num_rows() expects parameter 1 to be mysqli_result, boolean given in /home/wi36wd72/edirectory/web/src/functions/db_funct.php on line 60
[19-Aug-2021 12:43:19 America/New_York] PHP Warning:  mysqli_num_rows() expects parameter 1 to be mysqli_result, boolean given in /home/wi36wd72/edirectory/web/src/functions/db_funct.php on line 60
[19-Aug-2021 12:43:19 America/New_York] PHP Warning:  mysqli_num_rows() expects parameter 1 to be mysqli_result, boolean given in /home/wi36wd72/edirectory/web/src/functions/db_funct.php on line 60
[19-Aug-2021 12:43:20 America/New_York] PHP Warning:  mysqli_num_rows() expects parameter 1 to be mysqli_result, boolean given in /home/wi36wd72/edirectory/web/src/functions/db_funct.php on line 60
[19-Aug-2021 12:43:20 America/New_York] PHP Warning:  mysqli_num_rows() expects parameter 1 to be mysqli_result, boolean given in /home/wi36wd72/edirectory/web/src/functions/db_funct.php on line 60
[19-Aug-2021 12:43:47 America/New_York] PHP Warning:  mysqli_num_rows() expects parameter 1 to be mysqli_result, boolean given in /home/wi36wd72/edirectory/web/src/functions/db_funct.php on line 60
[19-Aug-2021 12:43:47 America/New_York] PHP Warning:  mysqli_num_rows() expects parameter 1 to be mysqli_result, boolean given in /home/wi36wd72/edirectory/web/src/functions/db_funct.php on line 60
[19-Aug-2021 12:43:47 America/New_York] PHP Warning:  mysqli_num_rows() expects parameter 1 to be mysqli_result, boolean given in /home/wi36wd72/edirectory/web/src/functions/db_funct.php on line 60
[19-Aug-2021 12:43:47 America/New_York] PHP Warning:  mysqli_num_rows() expects parameter 1 to be mysqli_result, boolean given in /home/wi36wd72/edirectory/web/src/functions/db_funct.php on line 60
[19-Aug-2021 12:43:47 America/New_York] PHP Warning:  mysqli_num_rows() expects parameter 1 to be mysqli_result, boolean given in /home/wi36wd72/edirectory/web/src/functions/db_funct.php on line 60
[19-Aug-2021 12:43:47 America/New_York] PHP Warning:  mysqli_num_rows() expects parameter 1 to be mysqli_result, boolean given in /home/wi36wd72/edirectory/web/src/functions/db_funct.php on line 60
[19-Aug-2021 12:43:47 America/New_York] PHP Warning:  mysqli_num_rows() expects parameter 1 to be mysqli_result, boolean given in /home/wi36wd72/edirectory/web/src/functions/db_funct.php on line 60
[19-Aug-2021 12:43:47 America/New_York] PHP Warning:  mysqli_num_rows() expects parameter 1 to be mysqli_result, boolean given in /home/wi36wd72/edirectory/web/src/functions/db_funct.php on line 60
[19-Aug-2021 12:43:47 America/New_York] PHP Warning:  mysqli_num_rows() expects parameter 1 to be mysqli_result, boolean given in /home/wi36wd72/edirectory/web/src/functions/db_funct.php on line 60
[19-Aug-2021 12:43:47 America/New_York] PHP Warning:  mysqli_num_rows() expects parameter 1 to be mysqli_result, boolean given in /home/wi36wd72/edirectory/web/src/functions/db_funct.php on line 60
[19-Aug-2021 12:43:47 America/New_York] PHP Warning:  mysqli_num_rows() expects parameter 1 to be mysqli_result, boolean given in /home/wi36wd72/edirectory/web/src/functions/db_funct.php on line 60
[19-Aug-2021 12:43:47 America/New_York] PHP Warning:  mysqli_num_rows() expects parameter 1 to be mysqli_result, boolean given in /home/wi36wd72/edirectory/web/src/functions/db_funct.php on line 60
[19-Aug-2021 12:43:47 America/New_York] PHP Warning:  mysqli_num_rows() expects parameter 1 to be mysqli_result, boolean given in /home/wi36wd72/edirectory/web/src/functions/db_funct.php on line 60
[19-Aug-2021 12:43:47 America/New_York] PHP Warning:  mysqli_num_rows() expects parameter 1 to be mysqli_result, boolean given in /home/wi36wd72/edirectory/web/src/functions/db_funct.php on line 60
[19-Aug-2021 12:43:47 America/New_York] PHP Warning:  mysqli_num_rows() expects parameter 1 to be mysqli_result, boolean given in /home/wi36wd72/edirectory/web/src/functions/db_funct.php on line 60
[19-Aug-2021 12:43:47 America/New_York] PHP Warning:  mysqli_num_rows() expects parameter 1 to be mysqli_result, boolean given in /home/wi36wd72/edirectory/web/src/functions/db_funct.php on line 60
[19-Aug-2021 14:20:57 America/New_York] PHP Warning:  mysqli_num_rows() expects parameter 1 to be mysqli_result, boolean given in /home/wi36wd72/edirectory/web/src/functions/db_funct.php on line 60
[19-Aug-2021 14:20:57 America/New_York] PHP Warning:  mysqli_num_rows() expects parameter 1 to be mysqli_result, boolean given in /home/wi36wd72/edirectory/web/src/functions/db_funct.php on line 60
[19-Aug-2021 14:20:57 America/New_York] PHP Warning:  mysqli_num_rows() expects parameter 1 to be mysqli_result, boolean given in /home/wi36wd72/edirectory/web/src/functions/db_funct.php on line 60
[19-Aug-2021 14:20:57 America/New_York] PHP Warning:  mysqli_num_rows() expects parameter 1 to be mysqli_result, boolean given in /home/wi36wd72/edirectory/web/src/functions/db_funct.php on line 60
[19-Aug-2021 14:20:57 America/New_York] PHP Warning:  mysqli_num_rows() expects parameter 1 to be mysqli_result, boolean given in /home/wi36wd72/edirectory/web/src/functions/db_funct.php on line 60
[19-Aug-2021 14:21:27 America/New_York] PHP Warning:  mysqli_num_rows() expects parameter 1 to be mysqli_result, boolean given in /home/wi36wd72/edirectory/web/src/functions/db_funct.php on line 60
[19-Aug-2021 14:21:27 America/New_York] PHP Warning:  mysqli_num_rows() expects parameter 1 to be mysqli_result, boolean given in /home/wi36wd72/edirectory/web/src/functions/db_funct.php on line 60
[19-Aug-2021 14:21:27 America/New_York] PHP Warning:  mysqli_num_rows() expects parameter 1 to be mysqli_result, boolean given in /home/wi36wd72/edirectory/web/src/functions/db_funct.php on line 60
[19-Aug-2021 14:21:27 America/New_York] PHP Warning:  mysqli_num_rows() expects parameter 1 to be mysqli_result, boolean given in /home/wi36wd72/edirectory/web/src/functions/db_funct.php on line 60
[19-Aug-2021 14:21:27 America/New_York] PHP Warning:  mysqli_num_rows() expects parameter 1 to be mysqli_result, boolean given in /home/wi36wd72/edirectory/web/src/functions/db_funct.php on line 60
[19-Aug-2021 14:21:27 America/New_York] PHP Warning:  mysqli_num_rows() expects parameter 1 to be mysqli_result, boolean given in /home/wi36wd72/edirectory/web/src/functions/db_funct.php on line 60
[19-Aug-2021 14:21:27 America/New_York] PHP Warning:  mysqli_num_rows() expects parameter 1 to be mysqli_result, boolean given in /home/wi36wd72/edirectory/web/src/functions/db_funct.php on line 60
[19-Aug-2021 14:21:27 America/New_York] PHP Warning:  mysqli_num_rows() expects parameter 1 to be mysqli_result, boolean given in /home/wi36wd72/edirectory/web/src/functions/db_funct.php on line 60
[19-Aug-2021 14:21:27 America/New_York] PHP Warning:  mysqli_num_rows() expects parameter 1 to be mysqli_result, boolean given in /home/wi36wd72/edirectory/web/src/functions/db_funct.php on line 60
[19-Aug-2021 14:21:27 America/New_York] PHP Warning:  mysqli_num_rows() expects parameter 1 to be mysqli_result, boolean given in /home/wi36wd72/edirectory/web/src/functions/db_funct.php on line 60
[19-Aug-2021 14:21:27 America/New_York] PHP Warning:  mysqli_num_rows() expects parameter 1 to be mysqli_result, boolean given in /home/wi36wd72/edirectory/web/src/functions/db_funct.php on line 60
[19-Aug-2021 14:21:27 America/New_York] PHP Warning:  mysqli_num_rows() expects parameter 1 to be mysqli_result, boolean given in /home/wi36wd72/edirectory/web/src/functions/db_funct.php on line 60
[19-Aug-2021 14:21:27 America/New_York] PHP Warning:  mysqli_num_rows() expects parameter 1 to be mysqli_result, boolean given in /home/wi36wd72/edirectory/web/src/functions/db_funct.php on line 60
[19-Aug-2021 14:21:27 America/New_York] PHP Warning:  mysqli_num_rows() expects parameter 1 to be mysqli_result, boolean given in /home/wi36wd72/edirectory/web/src/functions/db_funct.php on line 60
[19-Aug-2021 14:21:27 America/New_York] PHP Warning:  mysqli_num_rows() expects parameter 1 to be mysqli_result, boolean given in /home/wi36wd72/edirectory/web/src/functions/db_funct.php on line 60
[19-Aug-2021 14:21:27 America/New_York] PHP Warning:  mysqli_num_rows() expects parameter 1 to be mysqli_result, boolean given in /home/wi36wd72/edirectory/web/src/functions/db_funct.php on line 60
[24-Aug-2021 15:54:32 America/New_York] PHP Warning:  mysqli_num_rows() expects parameter 1 to be mysqli_result, boolean given in /home/wi36wd72/edirectory/web/src/functions/db_funct.php on line 60
[24-Aug-2021 15:54:32 America/New_York] PHP Warning:  mysqli_num_rows() expects parameter 1 to be mysqli_result, boolean given in /home/wi36wd72/edirectory/web/src/functions/db_funct.php on line 60
[24-Aug-2021 15:54:32 America/New_York] PHP Warning:  mysqli_num_rows() expects parameter 1 to be mysqli_result, boolean given in /home/wi36wd72/edirectory/web/src/functions/db_funct.php on line 60
[24-Aug-2021 15:54:32 America/New_York] PHP Warning:  mysqli_num_rows() expects parameter 1 to be mysqli_result, boolean given in /home/wi36wd72/edirectory/web/src/functions/db_funct.php on line 60
[24-Aug-2021 15:54:32 America/New_York] PHP Warning:  mysqli_num_rows() expects parameter 1 to be mysqli_result, boolean given in /home/wi36wd72/edirectory/web/src/functions/db_funct.php on line 60
